2019-01-10 20:14:24 INFO  MainTask_01:12 - Программа успешно запустилась
2019-01-10 20:15:55 INFO  MainTask_01:12 - Программа успешно запустилась
2019-01-10 20:29:16 INFO  MainTask_01:12 - Программа успешно запустилась
2019-01-10 20:29:19 INFO  MainTask_01:17 - Сгенерированный массив[6, 5, 6, 6, 0, 5, 1, 7, 2, 2]
2019-01-10 20:31:14 INFO  MainTask_01:12 - Программа успешно запустилась
2019-01-10 20:31:16 INFO  MainTask_01:17 - Сгенерированный массив [8, 3, 6, 2, 3, 6, 6, 1, 0, 8]
2019-01-10 20:31:16 INFO  MainTask_01:21 - Минимальный элемент массива: 0
2019-01-10 20:31:16 INFO  MainTask_01:22 - Максимальный элемент массива: 8
2019-01-10 20:32:05 INFO  MainTask_01:12 - Программа успешно запустилась
2019-01-10 20:32:14 INFO  MainTask_01:17 - Сгенерированный массив [0, 8, 5, 8, 1, 5, 5, 2, 8, 3]
2019-01-10 20:37:38 INFO  MainTask_01:12 - Программа успешно запустилась
2019-01-10 20:37:41 INFO  MainTask_01:17 - Сгенерированный массив [0, 2, 6, 9, 6, 6, 9, 2, 0, 2]
2019-01-10 20:37:41 INFO  MainTask_01:21 - Минимальный элемент массива: 0
2019-01-10 20:37:41 INFO  MainTask_01:22 - Максимальный элемент массива: 9
2019-01-10 20:37:41 INFO  MainTask_01:28 - Среднеарифметическое значение всех элементов: 4.2
2019-01-10 20:37:41 INFO  MainTask_01:30 - Среднегеометрическое значение всех элементов: 0.0
2019-01-10 20:37:41 INFO  MainTask_01:35 - Массив отсортирован
2019-01-10 20:37:41 INFO  MainTask_01:44 - Найден индекс первого локального минимума: 8
2019-01-10 20:37:43 INFO  MainTask_01:55 - Было введено число 4 для поиска в массиве
2019-01-10 20:37:43 INFO  MainTask_01:65 - Не было найдено элементов
2019-01-10 20:37:43 INFO  MainTask_01:70 - (Бинарный поиск) Найденный элемент находится на позиции: -1
2019-01-10 20:37:43 INFO  MainTask_01:77 - Массив с реверсированными элементами: [0, 2, 6, 9, 6, 6, 9, 2, 0, 2]
2019-01-10 20:37:43 INFO  MainTask_01:79 - Сортировка пузырьком: [0, 0, 2, 2, 2, 6, 6, 6, 9, 9]
2019-01-10 20:37:43 INFO  MainTask_01:81 - Сортировка вставками: [0, 0, 2, 2, 2, 6, 6, 6, 9, 9]
2019-01-10 20:37:43 INFO  MainTask_01:84 - Сортировка быстрая: [0, 0, 2, 2, 2, 6, 6, 6, 9, 9]
2019-01-10 20:38:10 INFO  MainTask_01:12 - Программа успешно запустилась
2019-01-10 20:38:12 INFO  MainTask_01:17 - Сгенерированный массив [6, 0, 9, 3, 9, 7, 9, 9, 0, 4]
2019-01-10 20:38:12 INFO  MainTask_01:21 - Минимальный элемент массива: 0
2019-01-10 20:38:12 INFO  MainTask_01:22 - Максимальный элемент массива: 9
2019-01-10 20:38:12 INFO  MainTask_01:28 - Среднеарифметическое значение всех элементов: 5.6
2019-01-10 20:38:12 INFO  MainTask_01:30 - Среднегеометрическое значение всех элементов: 0.0
2019-01-10 20:38:12 INFO  MainTask_01:35 - Массив отсортирован
2019-01-10 20:38:12 INFO  MainTask_01:44 - Найден индекс первого локального минимума: 1
2019-01-10 20:38:15 INFO  MainTask_01:55 - Было введено число 3 для поиска в массиве
2019-01-10 20:38:15 INFO  MainTask_01:61 - (Линейный поиск) Найденный элемент находится на позиции: 3
2019-01-10 20:38:15 INFO  MainTask_01:70 - (Бинарный поиск) Найденный элемент находится на позиции: -1
2019-01-10 20:38:15 INFO  MainTask_01:77 - Массив с реверсированными элементами: [6, 0, 9, 3, 9, 7, 9, 9, 0, 4]
2019-01-10 20:38:15 INFO  MainTask_01:79 - Сортировка пузырьком: [0, 0, 3, 4, 6, 7, 9, 9, 9, 9]
2019-01-10 20:38:15 INFO  MainTask_01:81 - Сортировка вставками: [0, 0, 3, 4, 6, 7, 9, 9, 9, 9]
2019-01-10 20:38:15 INFO  MainTask_01:84 - Сортировка быстрая: [0, 0, 3, 4, 6, 7, 9, 9, 9, 9]
2019-01-10 20:38:15 INFO  MainTask_01:85 - Программа успешно завершена!
